{"name": "test_updata_success[test_info0]", "status": "failed", "statusDetails": {"message": "AssertionError: assert '' == '修改菜单成功'\n  - 修改菜单成功", "trace": "self = <test_cases.test_007_menu.TestMenu object at 0x000002CFC0527348>\ntest_info = {'expected': '修改菜单成功', 'name': '测试菜单5527', 'orderum': '9247449', 'perms': 'admin'}\nget_browser = <selenium.webdriver.chrome.webdriver.WebDriver (session=\"a979e38c6c79ad1b9aa970251434be52\")>\n\n    @pytest.mark.parametrize('test_info', updata_menu_data_success)\n    @allure.story(\"修改菜单成功\")\n    def test_updata_success(self, test_info, get_browser):\n        \"\"\"\n        修改菜单成功\n        :param test_info:\n        :param get_browser:\n        :return:\n        \"\"\"\n        driver = get_browser\n        LoginPage(driver).login(User.username, User.pwd)\n        expected = test_info['expected']\n        MenuPage(driver).updataMenu(test_info[\"name\"],test_info[\"perms\"],test_info[\"orderum\"])\n        success_msg = MenuPage(driver).get_updata_success_msg()\n        print(success_msg)\n        try:\n            assert success_msg == expected\n        except AssertionError as e:\n>           raise e\n\ntest_007_menu.py:76: \n_ _ _ _ _ _ _ _ _ _ _ _ _ _ _ _ _ _ _ _ _ _ _ _ _ _ _ _ _ _ _ _ _ _ _ _ _ _ _ _\n\nself = <test_cases.test_007_menu.TestMenu object at 0x000002CFC0527348>\ntest_info = {'expected': '修改菜单成功', 'name': '测试菜单5527', 'orderum': '9247449', 'perms': 'admin'}\nget_browser = <selenium.webdriver.chrome.webdriver.WebDriver (session=\"a979e38c6c79ad1b9aa970251434be52\")>\n\n    @pytest.mark.parametrize('test_info', updata_menu_data_success)\n    @allure.story(\"修改菜单成功\")\n    def test_updata_success(self, test_info, get_browser):\n        \"\"\"\n        修改菜单成功\n        :param test_info:\n        :param get_browser:\n        :return:\n        \"\"\"\n        driver = get_browser\n        LoginPage(driver).login(User.username, User.pwd)\n        expected = test_info['expected']\n        MenuPage(driver).updataMenu(test_info[\"name\"],test_info[\"perms\"],test_info[\"orderum\"])\n        success_msg = MenuPage(driver).get_updata_success_msg()\n        print(success_msg)\n        try:\n>           assert success_msg == expected\nE           AssertionError: assert '' == '修改菜单成功'\nE             - 修改菜单成功\n\ntest_007_menu.py:74: AssertionError"}, "description": "\n        修改菜单成功\n        :param test_info:\n        :param get_browser:\n        :return:\n        ", "parameters": [{"name": "test_info", "value": "{'name': '测试菜单5527', 'perms': 'admin', 'orderum': '9247449', 'expected': '修改菜单成功'}"}], "start": 1596682192184, "stop": 1596682219015, "uuid": "3217562b-8528-45d2-a6e5-76856467c70b", "historyId": "d39b7fe6d51446a0a0c9cac7bdcdd011", "testCaseId": "4b11ca390e8e769c1f71d3c3852b8d01", "fullName": "test_cases.test_007_menu.TestMenu#test_updata_success", "labels": [{"name": "story", "value": "修改菜单成功"}, {"name": "parentSuite", "value": "test_cases"}, {"name": "suite", "value": "test_007_menu"}, {"name": "subSuite", "value": "TestMenu"}, {"name": "host", "value": "LAPTOP-G986QGRS"}, {"name": "thread", "value": "13056-MainThread"}, {"name": "framework", "value": "pytest"}, {"name": "language", "value": "cpython3"}, {"name": "package", "value": "test_cases.test_007_menu"}]}