{"name": "test_query_success[test_info0]", "status": "failed", "statusDetails": {"message": "AssertionError: assert '' == '测试菜单5527'\n  - 测试菜单5527", "trace": "self = <test_cases.test_007_menu.TestMenu object at 0x000001DA5510D388>\ntest_info = {'expected': '测试菜单5527', 'name': '测试菜单5527'}\nget_browser = <selenium.webdriver.chrome.webdriver.WebDriver (session=\"96211898f87947dc21473203e740d0ff\")>\n\n    @pytest.mark.parametrize('test_info', query_menu_data_success)\n    @allure.story(\"查询菜单名称\")\n    def test_query_success(self, test_info, get_browser):\n        \"\"\"\n        查询菜单成功\n        :param test_info:\n        :param get_browser:\n        :return:\n        \"\"\"\n        driver = get_browser\n        LoginPage(driver).login(User.username, User.pwd)\n        expected = test_info['expected']\n        MenuPage(driver).queryMenu(test_info[\"name\"])\n        success_msg = MenuPage(driver).get_query_success_msg()\n        print(success_msg)\n        try:\n            assert success_msg == expected\n        except AssertionError as e:\n>           raise e\n\ntest_007_menu.py:56: \n_ _ _ _ _ _ _ _ _ _ _ _ _ _ _ _ _ _ _ _ _ _ _ _ _ _ _ _ _ _ _ _ _ _ _ _ _ _ _ _\n\nself = <test_cases.test_007_menu.TestMenu object at 0x000001DA5510D388>\ntest_info = {'expected': '测试菜单5527', 'name': '测试菜单5527'}\nget_browser = <selenium.webdriver.chrome.webdriver.WebDriver (session=\"96211898f87947dc21473203e740d0ff\")>\n\n    @pytest.mark.parametrize('test_info', query_menu_data_success)\n    @allure.story(\"查询菜单名称\")\n    def test_query_success(self, test_info, get_browser):\n        \"\"\"\n        查询菜单成功\n        :param test_info:\n        :param get_browser:\n        :return:\n        \"\"\"\n        driver = get_browser\n        LoginPage(driver).login(User.username, User.pwd)\n        expected = test_info['expected']\n        MenuPage(driver).queryMenu(test_info[\"name\"])\n        success_msg = MenuPage(driver).get_query_success_msg()\n        print(success_msg)\n        try:\n>           assert success_msg == expected\nE           AssertionError: assert '' == '测试菜单5527'\nE             - 测试菜单5527\n\ntest_007_menu.py:54: AssertionError"}, "description": "\n        查询菜单成功\n        :param test_info:\n        :param get_browser:\n        :return:\n        ", "parameters": [{"name": "test_info", "value": "{'name': '测试菜单5527', 'expected': '测试菜单5527'}"}], "start": 1596622417965, "stop": 1596622449559, "uuid": "48cb9ede-6618-4ad9-97e6-d3e1c379a46a", "historyId": "40a16b1b9cb21e3ea6bd9e675a210301", "testCaseId": "584c4875d24b554d15b977b05a5bd28a", "fullName": "test_cases.test_007_menu.TestMenu#test_query_success", "labels": [{"name": "story", "value": "查询菜单名称"}, {"name": "parentSuite", "value": "test_cases"}, {"name": "suite", "value": "test_007_menu"}, {"name": "subSuite", "value": "TestMenu"}, {"name": "host", "value": "LAPTOP-G986QGRS"}, {"name": "thread", "value": "15756-MainThread"}, {"name": "framework", "value": "pytest"}, {"name": "language", "value": "cpython3"}, {"name": "package", "value": "test_cases.test_007_menu"}]}